MOTS2 configuration:! 
	1.diversify 20
	2.intensify 10
	3.reduce 35
	4.SS 0.05
	5.SSRF 0.5
	6.save_step 400
	7.n_sample 96
	8.nVar 480
	9.nObj 2
	10.n_of_loops 0
	11.n_of_evaluations 5000
	12.n_of_consecutive_improvements 0
	13.assessment HV
	14.nRegions 4
	15.STM_size 320
	16.LogType full
	17.Starting point 1
	18.maximum_improvements 2000000
	19.maximum_duplicates 2000000


Design vector ranges:
	variable 0 ranges from 0 to 1
	variable 1 ranges from 0 to 1
	variable 2 ranges from 0 to 1
	variable 3 ranges from 0 to 1
	variable 4 ranges from 0 to 1
	variable 5 ranges from 0 to 1
	variable 6 ranges from 0 to 1
	variable 7 ranges from 0 to 1
	variable 8 ranges from 0 to 1
	variable 9 ranges from 0 to 1
	variable 10 ranges from 0 to 1
	variable 11 ranges from 0 to 1
	variable 12 ranges from 0 to 1
	variable 13 ranges from 0 to 1
	variable 14 ranges from 0 to 1
	variable 15 ranges from 0 to 1
	variable 16 ranges from 0 to 1
	variable 17 ranges from 0 to 1
	variable 18 ranges from 0 to 1
	variable 19 ranges from 0 to 1
	variable 20 ranges from 0 to 1
	variable 21 ranges from 0 to 1
	variable 22 ranges from 0 to 1
	variable 23 ranges from 0 to 1
	variable 24 ranges from 0 to 1
	variable 25 ranges from 0 to 1
	variable 26 ranges from 0 to 1
	variable 27 ranges from 0 to 1
	variable 28 ranges from 0 to 1
	variable 29 ranges from 0 to 1
	variable 30 ranges from 0 to 1
	variable 31 ranges from 0 to 1
	variable 32 ranges from 0 to 1
	variable 33 ranges from 0 to 1
	variable 34 ranges from 0 to 1
	variable 35 ranges from 0 to 1
	variable 36 ranges from 0 to 1
	variable 37 ranges from 0 to 1
	variable 38 ranges from 0 to 1
	variable 39 ranges from 0 to 1
	variable 40 ranges from 0 to 1
	variable 41 ranges from 0 to 1
	variable 42 ranges from 0 to 1
	variable 43 ranges from 0 to 1
	variable 44 ranges from 0 to 1
	variable 45 ranges from 0 to 1
	variable 46 ranges from 0 to 1
	variable 47 ranges from 0 to 1
	variable 48 ranges from 0 to 1
	variable 49 ranges from 0 to 1
	variable 50 ranges from 0 to 1
	variable 51 ranges from 0 to 1
	variable 52 ranges from 0 to 1
	variable 53 ranges from 0 to 1
	variable 54 ranges from 0 to 1
	variable 55 ranges from 0 to 1
	variable 56 ranges from 0 to 1
	variable 57 ranges from 0 to 1
	variable 58 ranges from 0 to 1
	variable 59 ranges from 0 to 1
	variable 60 ranges from 0 to 1
	variable 61 ranges from 0 to 1
	variable 62 ranges from 0 to 1
	variable 63 ranges from 0 to 1
	variable 64 ranges from 0 to 1
	variable 65 ranges from 0 to 1
	variable 66 ranges from 0 to 1
	variable 67 ranges from 0 to 1
	variable 68 ranges from 0 to 1
	variable 69 ranges from 0 to 1
	variable 70 ranges from 0 to 1
	variable 71 ranges from 0 to 1
	variable 72 ranges from 0 to 1
	variable 73 ranges from 0 to 1
	variable 74 ranges from 0 to 1
	variable 75 ranges from 0 to 1
	variable 76 ranges from 0 to 1
	variable 77 ranges from 0 to 1
	variable 78 ranges from 0 to 1
	variable 79 ranges from 0 to 1
	variable 80 ranges from 0 to 1
	variable 81 ranges from 0 to 1
	variable 82 ranges from 0 to 1
	variable 83 ranges from 0 to 1
	variable 84 ranges from 0 to 1
	variable 85 ranges from 0 to 1
	variable 86 ranges from 0 to 1
	variable 87 ranges from 0 to 1
	variable 88 ranges from 0 to 1
	variable 89 ranges from 0 to 1
	variable 90 ranges from 0 to 1
	variable 91 ranges from 0 to 1
	variable 92 ranges from 0 to 1
	variable 93 ranges from 0 to 1
	variable 94 ranges from 0 to 1
	variable 95 ranges from 0 to 1
	variable 96 ranges from 0 to 1
	variable 97 ranges from 0 to 1
	variable 98 ranges from 0 to 1
	variable 99 ranges from 0 to 1
	variable 100 ranges from 0 to 1
	variable 101 ranges from 0 to 1
	variable 102 ranges from 0 to 1
	variable 103 ranges from 0 to 1
	variable 104 ranges from 0 to 1
	variable 105 ranges from 0 to 1
	variable 106 ranges from 0 to 1
	variable 107 ranges from 0 to 1
	variable 108 ranges from 0 to 1
	variable 109 ranges from 0 to 1
	variable 110 ranges from 0 to 1
	variable 111 ranges from 0 to 1
	variable 112 ranges from 0 to 1
	variable 113 ranges from 0 to 1
	variable 114 ranges from 0 to 1
	variable 115 ranges from 0 to 1
	variable 116 ranges from 0 to 1
	variable 117 ranges from 0 to 1
	variable 118 ranges from 0 to 1
	variable 119 ranges from 0 to 1
	variable 120 ranges from 0 to 1
	variable 121 ranges from 0 to 1
	variable 122 ranges from 0 to 1
	variable 123 ranges from 0 to 1
	variable 124 ranges from 0 to 1
	variable 125 ranges from 0 to 1
	variable 126 ranges from 0 to 1
	variable 127 ranges from 0 to 1
	variable 128 ranges from 0 to 1
	variable 129 ranges from 0 to 1
	variable 130 ranges from 0 to 1
	variable 131 ranges from 0 to 1
	variable 132 ranges from 0 to 1
	variable 133 ranges from 0 to 1
	variable 134 ranges from 0 to 1
	variable 135 ranges from 0 to 1
	variable 136 ranges from 0 to 1
	variable 137 ranges from 0 to 1
	variable 138 ranges from 0 to 1
	variable 139 ranges from 0 to 1
	variable 140 ranges from 0 to 1
	variable 141 ranges from 0 to 1
	variable 142 ranges from 0 to 1
	variable 143 ranges from 0 to 1
	variable 144 ranges from 0 to 1
	variable 145 ranges from 0 to 1
	variable 146 ranges from 0 to 1
	variable 147 ranges from 0 to 1
	variable 148 ranges from 0 to 1
	variable 149 ranges from 0 to 1
	variable 150 ranges from 0 to 1
	variable 151 ranges from 0 to 1
	variable 152 ranges from 0 to 1
	variable 153 ranges from 0 to 1
	variable 154 ranges from 0 to 1
	variable 155 ranges from 0 to 1
	variable 156 ranges from 0 to 1
	variable 157 ranges from 0 to 1
	variable 158 ranges from 0 to 1
	variable 159 ranges from 0 to 1
	variable 160 ranges from 0 to 1
	variable 161 ranges from 0 to 1
	variable 162 ranges from 0 to 1
	variable 163 ranges from 0 to 1
	variable 164 ranges from 0 to 1
	variable 165 ranges from 0 to 1
	variable 166 ranges from 0 to 1
	variable 167 ranges from 0 to 1
	variable 168 ranges from 0 to 1
	variable 169 ranges from 0 to 1
	variable 170 ranges from 0 to 1
	variable 171 ranges from 0 to 1
	variable 172 ranges from 0 to 1
	variable 173 ranges from 0 to 1
	variable 174 ranges from 0 to 1
	variable 175 ranges from 0 to 1
	variable 176 ranges from 0 to 1
	variable 177 ranges from 0 to 1
	variable 178 ranges from 0 to 1
	variable 179 ranges from 0 to 1
	variable 180 ranges from 0 to 1
	variable 181 ranges from 0 to 1
	variable 182 ranges from 0 to 1
	variable 183 ranges from 0 to 1
	variable 184 ranges from 0 to 1
	variable 185 ranges from 0 to 1
	variable 186 ranges from 0 to 1
	variable 187 ranges from 0 to 1
	variable 188 ranges from 0 to 1
	variable 189 ranges from 0 to 1
	variable 190 ranges from 0 to 1
	variable 191 ranges from 0 to 1
	variable 192 ranges from 0 to 1
	variable 193 ranges from 0 to 1
	variable 194 ranges from 0 to 1
	variable 195 ranges from 0 to 1
	variable 196 ranges from 0 to 1
	variable 197 ranges from 0 to 1
	variable 198 ranges from 0 to 1
	variable 199 ranges from 0 to 1
	variable 200 ranges from 0 to 1
	variable 201 ranges from 0 to 1
	variable 202 ranges from 0 to 1
	variable 203 ranges from 0 to 1
	variable 204 ranges from 0 to 1
	variable 205 ranges from 0 to 1
	variable 206 ranges from 0 to 1
	variable 207 ranges from 0 to 1
	variable 208 ranges from 0 to 1
	variable 209 ranges from 0 to 1
	variable 210 ranges from 0 to 1
	variable 211 ranges from 0 to 1
	variable 212 ranges from 0 to 1
	variable 213 ranges from 0 to 1
	variable 214 ranges from 0 to 1
	variable 215 ranges from 0 to 1
	variable 216 ranges from 0 to 1
	variable 217 ranges from 0 to 1
	variable 218 ranges from 0 to 1
	variable 219 ranges from 0 to 1
	variable 220 ranges from 0 to 1
	variable 221 ranges from 0 to 1
	variable 222 ranges from 0 to 1
	variable 223 ranges from 0 to 1
	variable 224 ranges from 0 to 1
	variable 225 ranges from 0 to 1
	variable 226 ranges from 0 to 1
	variable 227 ranges from 0 to 1
	variable 228 ranges from 0 to 1
	variable 229 ranges from 0 to 1
	variable 230 ranges from 0 to 1
	variable 231 ranges from 0 to 1
	variable 232 ranges from 0 to 1
	variable 233 ranges from 0 to 1
	variable 234 ranges from 0 to 1
	variable 235 ranges from 0 to 1
	variable 236 ranges from 0 to 1
	variable 237 ranges from 0 to 1
	variable 238 ranges from 0 to 1
	variable 239 ranges from 0 to 1
	variable 240 ranges from 0 to 1
	variable 241 ranges from 0 to 1
	variable 242 ranges from 0 to 1
	variable 243 ranges from 0 to 1
	variable 244 ranges from 0 to 1
	variable 245 ranges from 0 to 1
	variable 246 ranges from 0 to 1
	variable 247 ranges from 0 to 1
	variable 248 ranges from 0 to 1
	variable 249 ranges from 0 to 1
	variable 250 ranges from 0 to 1
	variable 251 ranges from 0 to 1
	variable 252 ranges from 0 to 1
	variable 253 ranges from 0 to 1
	variable 254 ranges from 0 to 1
	variable 255 ranges from 0 to 1
	variable 256 ranges from 0 to 1
	variable 257 ranges from 0 to 1
	variable 258 ranges from 0 to 1
	variable 259 ranges from 0 to 1
	variable 260 ranges from 0 to 1
	variable 261 ranges from 0 to 1
	variable 262 ranges from 0 to 1
	variable 263 ranges from 0 to 1
	variable 264 ranges from 0 to 1
	variable 265 ranges from 0 to 1
	variable 266 ranges from 0 to 1
	variable 267 ranges from 0 to 1
	variable 268 ranges from 0 to 1
	variable 269 ranges from 0 to 1
	variable 270 ranges from 0 to 1
	variable 271 ranges from 0 to 1
	variable 272 ranges from 0 to 1
	variable 273 ranges from 0 to 1
	variable 274 ranges from 0 to 1
	variable 275 ranges from 0 to 1
	variable 276 ranges from 0 to 1
	variable 277 ranges from 0 to 1
	variable 278 ranges from 0 to 1
	variable 279 ranges from 0 to 1
	variable 280 ranges from 0 to 1
	variable 281 ranges from 0 to 1
	variable 282 ranges from 0 to 1
	variable 283 ranges from 0 to 1
	variable 284 ranges from 0 to 1
	variable 285 ranges from 0 to 1
	variable 286 ranges from 0 to 1
	variable 287 ranges from 0 to 1
	variable 288 ranges from 0 to 1
	variable 289 ranges from 0 to 1
	variable 290 ranges from 0 to 1
	variable 291 ranges from 0 to 1
	variable 292 ranges from 0 to 1
	variable 293 ranges from 0 to 1
	variable 294 ranges from 0 to 1
	variable 295 ranges from 0 to 1
	variable 296 ranges from 0 to 1
	variable 297 ranges from 0 to 1
	variable 298 ranges from 0 to 1
	variable 299 ranges from 0 to 1
	variable 300 ranges from 0 to 1
	variable 301 ranges from 0 to 1
	variable 302 ranges from 0 to 1
	variable 303 ranges from 0 to 1
	variable 304 ranges from 0 to 1
	variable 305 ranges from 0 to 1
	variable 306 ranges from 0 to 1
	variable 307 ranges from 0 to 1
	variable 308 ranges from 0 to 1
	variable 309 ranges from 0 to 1
	variable 310 ranges from 0 to 1
	variable 311 ranges from 0 to 1
	variable 312 ranges from 0 to 1
	variable 313 ranges from 0 to 1
	variable 314 ranges from 0 to 1
	variable 315 ranges from 0 to 1
	variable 316 ranges from 0 to 1
	variable 317 ranges from 0 to 1
	variable 318 ranges from 0 to 1
	variable 319 ranges from 0 to 1
	variable 320 ranges from 0 to 1
	variable 321 ranges from 0 to 1
	variable 322 ranges from 0 to 1
	variable 323 ranges from 0 to 1
	variable 324 ranges from 0 to 1
	variable 325 ranges from 0 to 1
	variable 326 ranges from 0 to 1
	variable 327 ranges from 0 to 1
	variable 328 ranges from 0 to 1
	variable 329 ranges from 0 to 1
	variable 330 ranges from 0 to 1
	variable 331 ranges from 0 to 1
	variable 332 ranges from 0 to 1
	variable 333 ranges from 0 to 1
	variable 334 ranges from 0 to 1
	variable 335 ranges from 0 to 1
	variable 336 ranges from 0 to 1
	variable 337 ranges from 0 to 1
	variable 338 ranges from 0 to 1
	variable 339 ranges from 0 to 1
	variable 340 ranges from 0 to 1
	variable 341 ranges from 0 to 1
	variable 342 ranges from 0 to 1
	variable 343 ranges from 0 to 1
	variable 344 ranges from 0 to 1
	variable 345 ranges from 0 to 1
	variable 346 ranges from 0 to 1
	variable 347 ranges from 0 to 1
	variable 348 ranges from 0 to 1
	variable 349 ranges from 0 to 1
	variable 350 ranges from 0 to 1
	variable 351 ranges from 0 to 1
	variable 352 ranges from 0 to 1
	variable 353 ranges from 0 to 1
	variable 354 ranges from 0 to 1
	variable 355 ranges from 0 to 1
	variable 356 ranges from 0 to 1
	variable 357 ranges from 0 to 1
	variable 358 ranges from 0 to 1
	variable 359 ranges from 0 to 1
	variable 360 ranges from 0 to 1
	variable 361 ranges from 0 to 1
	variable 362 ranges from 0 to 1
	variable 363 ranges from 0 to 1
	variable 364 ranges from 0 to 1
	variable 365 ranges from 0 to 1
	variable 366 ranges from 0 to 1
	variable 367 ranges from 0 to 1
	variable 368 ranges from 0 to 1
	variable 369 ranges from 0 to 1
	variable 370 ranges from 0 to 1
	variable 371 ranges from 0 to 1
	variable 372 ranges from 0 to 1
	variable 373 ranges from 0 to 1
	variable 374 ranges from 0 to 1
	variable 375 ranges from 0 to 1
	variable 376 ranges from 0 to 1
	variable 377 ranges from 0 to 1
	variable 378 ranges from 0 to 1
	variable 379 ranges from 0 to 1
	variable 380 ranges from 0 to 1
	variable 381 ranges from 0 to 1
	variable 382 ranges from 0 to 1
	variable 383 ranges from 0 to 1
	variable 384 ranges from 0 to 1
	variable 385 ranges from 0 to 1
	variable 386 ranges from 0 to 1
	variable 387 ranges from 0 to 1
	variable 388 ranges from 0 to 1
	variable 389 ranges from 0 to 1
	variable 390 ranges from 0 to 1
	variable 391 ranges from 0 to 1
	variable 392 ranges from 0 to 1
	variable 393 ranges from 0 to 1
	variable 394 ranges from 0 to 1
	variable 395 ranges from 0 to 1
	variable 396 ranges from 0 to 1
	variable 397 ranges from 0 to 1
	variable 398 ranges from 0 to 1
	variable 399 ranges from 0 to 1
	variable 400 ranges from 0 to 1
	variable 401 ranges from 0 to 1
	variable 402 ranges from 0 to 1
	variable 403 ranges from 0 to 1
	variable 404 ranges from 0 to 1
	variable 405 ranges from 0 to 1
	variable 406 ranges from 0 to 1
	variable 407 ranges from 0 to 1
	variable 408 ranges from 0 to 1
	variable 409 ranges from 0 to 1
	variable 410 ranges from 0 to 1
	variable 411 ranges from 0 to 1
	variable 412 ranges from 0 to 1
	variable 413 ranges from 0 to 1
	variable 414 ranges from 0 to 1
	variable 415 ranges from 0 to 1
	variable 416 ranges from 0 to 1
	variable 417 ranges from 0 to 1
	variable 418 ranges from 0 to 1
	variable 419 ranges from 0 to 1
	variable 420 ranges from 0 to 1
	variable 421 ranges from 0 to 1
	variable 422 ranges from 0 to 1
	variable 423 ranges from 0 to 1
	variable 424 ranges from 0 to 1
	variable 425 ranges from 0 to 1
	variable 426 ranges from 0 to 1
	variable 427 ranges from 0 to 1
	variable 428 ranges from 0 to 1
	variable 429 ranges from 0 to 1
	variable 430 ranges from 0 to 1
	variable 431 ranges from 0 to 1
	variable 432 ranges from 0 to 1
	variable 433 ranges from 0 to 1
	variable 434 ranges from 0 to 1
	variable 435 ranges from 0 to 1
	variable 436 ranges from 0 to 1
	variable 437 ranges from 0 to 1
	variable 438 ranges from 0 to 1
	variable 439 ranges from 0 to 1
	variable 440 ranges from 0 to 1
	variable 441 ranges from 0 to 1
	variable 442 ranges from 0 to 1
	variable 443 ranges from 0 to 1
	variable 444 ranges from 0 to 1
	variable 445 ranges from 0 to 1
	variable 446 ranges from 0 to 1
	variable 447 ranges from 0 to 1
	variable 448 ranges from 0 to 1
	variable 449 ranges from 0 to 1
	variable 450 ranges from 0 to 1
	variable 451 ranges from 0 to 1
	variable 452 ranges from 0 to 1
	variable 453 ranges from 0 to 1
	variable 454 ranges from 0 to 1
	variable 455 ranges from 0 to 1
	variable 456 ranges from 0 to 1
	variable 457 ranges from 0 to 1
	variable 458 ranges from 0 to 1
	variable 459 ranges from 0 to 1
	variable 460 ranges from 0 to 1
	variable 461 ranges from 0 to 1
	variable 462 ranges from 0 to 1
	variable 463 ranges from 0 to 1
	variable 464 ranges from 0 to 1
	variable 465 ranges from 0 to 1
	variable 466 ranges from 0 to 1
	variable 467 ranges from 0 to 1
	variable 468 ranges from 0 to 1
	variable 469 ranges from 0 to 1
	variable 470 ranges from 0 to 1
	variable 471 ranges from 0 to 1
	variable 472 ranges from 0 to 1
	variable 473 ranges from 0 to 1
	variable 474 ranges from 0 to 1
	variable 475 ranges from 0 to 1
	variable 476 ranges from 0 to 1
	variable 477 ranges from 0 to 1
	variable 478 ranges from 0 to 1
	variable 479 ranges from 0 to 1


Reference point:
	20 20 


Failed objectives:
	3334 4445 


Start step (related with SS, above):
	 Start step(s) (0.05)  is uniform for all variables
	0.05 0.05 0.05 0.05 0.05 0.05 0.05 0.05 0.05 0.05 0.05 0.05 0.05 0.05 0.05 0.05 0.05 0.05 0.05 0.05 0.05 0.05 0.05 0.05 0.05 0.05 0.05 0.05 0.05 0.05 0.05 0.05 0.05 0.05 0.05 0.05 0.05 0.05 0.05 0.05 0.05 0.05 0.05 0.05 0.05 0.05 0.05 0.05 0.05 0.05 0.05 0.05 0.05 0.05 0.05 0.05 0.05 0.05 0.05 0.05 0.05 0.05 0.05 0.05 0.05 0.05 0.05 0.05 0.05 0.05 0.05 0.05 0.05 0.05 0.05 0.05 0.05 0.05 0.05 0.05 0.05 0.05 0.05 0.05 0.05 0.05 0.05 0.05 0.05 0.05 0.05 0.05 0.05 0.05 0.05 0.05 0.05 0.05 0.05 0.05 0.05 0.05 0.05 0.05 0.05 0.05 0.05 0.05 0.05 0.05 0.05 0.05 0.05 0.05 0.05 0.05 0.05 0.05 0.05 0.05 0.05 0.05 0.05 0.05 0.05 0.05 0.05 0.05 0.05 0.05 0.05 0.05 0.05 0.05 0.05 0.05 0.05 0.05 0.05 0.05 0.05 0.05 0.05 0.05 0.05 0.05 0.05 0.05 0.05 0.05 0.05 0.05 0.05 0.05 0.05 0.05 0.05 0.05 0.05 0.05 0.05 0.05 0.05 0.05 0.05 0.05 0.05 0.05 0.05 0.05 0.05 0.05 0.05 0.05 0.05 0.05 0.05 0.05 0.05 0.05 0.05 0.05 0.05 0.05 0.05 0.05 0.05 0.05 0.05 0.05 0.05 0.05 0.05 0.05 0.05 0.05 0.05 0.05 0.05 0.05 0.05 0.05 0.05 0.05 0.05 0.05 0.05 0.05 0.05 0.05 0.05 0.05 0.05 0.05 0.05 0.05 0.05 0.05 0.05 0.05 0.05 0.05 0.05 0.05 0.05 0.05 0.05 0.05 0.05 0.05 0.05 0.05 0.05 0.05 0.05 0.05 0.05 0.05 0.05 0.05 0.05 0.05 0.05 0.05 0.05 0.05 0.05 0.05 0.05 0.05 0.05 0.05 0.05 0.05 0.05 0.05 0.05 0.05 0.05 0.05 0.05 0.05 0.05 0.05 0.05 0.05 0.05 0.05 0.05 0.05 0.05 0.05 0.05 0.05 0.05 0.05 0.05 0.05 0.05 0.05 0.05 0.05 0.05 0.05 0.05 0.05 0.05 0.05 0.05 0.05 0.05 0.05 0.05 0.05 0.05 0.05 0.05 0.05 0.05 0.05 0.05 0.05 0.05 0.05 0.05 0.05 0.05 0.05 0.05 0.05 0.05 0.05 0.05 0.05 0.05 0.05 0.05 0.05 0.05 0.05 0.05 0.05 0.05 0.05 0.05 0.05 0.05 0.05 0.05 0.05 0.05 0.05 0.05 0.05 0.05 0.05 0.05 0.05 0.05 0.05 0.05 0.05 0.05 0.05 0.05 0.05 0.05 0.05 0.05 0.05 0.05 0.05 0.05 0.05 0.05 0.05 0.05 0.05 0.05 0.05 0.05 0.05 0.05 0.05 0.05 0.05 0.05 0.05 0.05 0.05 0.05 0.05 0.05 0.05 0.05 0.05 0.05 0.05 0.05 0.05 0.05 0.05 0.05 0.05 0.05 0.05 0.05 0.05 0.05 0.05 0.05 0.05 0.05 0.05 0.05 0.05 0.05 0.05 0.05 0.05 0.05 0.05 0.05 0.05 0.05 0.05 0.05 0.05 0.05 0.05 0.05 0.05 0.05 0.05 0.05 0.05 0.05 0.05 0.05 0.05 0.05 0.05 0.05 0.05 0.05 0.05 0.05 0.05 0.05 0.05 0.05 0.05 0.05 0.05 0.05 0.05 0.05 0.05 0.05 0.05 0.05 0.05 0.05 0.05 0.05 0.05 0.05 0.05 0.05 0.05 0.05 0.05 0.05 0.05 0.05 0.05 0.05 0.05 0.05 0.05 0.05 0.05 0.05 0.05 0.05 0.05 0.05 0.05 0.05 0.05 0.05 0.05 0.05 0.05 0.05 0.05 0.05 0.05 0.05 0.05 


Datum design (related with Stating point, above):
	 Starting point is by user from file
	0.5 0.5 0.5 0.5 0.5 0.5 0.5 0.5 0.5 0.5 0.5 0.5 0.5 0.5 0.5 0.5 0.5 0.5 0.5 0.5 0.5 0.5 0.5 0.5 0.5 0.5 0.5 0.5 0.5 0.5 0.5 0.5 0.5 0.5 0.5 0.5 0.5 0.5 0.5 0.5 0.5 0.5 0.5 0.5 0.5 0.5 0.5 0.5 0.5 0.5 0.5 0.5 0.5 0.5 0.5 0.5 0.5 0.5 0.5 0.5 0.5 0.5 0.5 0.5 0.5 0.5 0.5 0.5 0.5 0.5 0.5 0.5 0.5 0.5 0.5 0.5 0.5 0.5 0.5 0.5 0.5 0.5 0.5 0.5 0.5 0.5 0.5 0.5 0.5 0.5 0.5 0.5 0.5 0.5 0.5 0.5 0.5 0.5 0.5 0.5 0.5 0.5 0.5 0.5 0.5 0.5 0.5 0.5 0.5 0.5 0.5 0.5 0.5 0.5 0.5 0.5 0.5 0.5 0.5 0.5 0.5 0.5 0.5 0.5 0.5 0.5 0.5 0.5 0.5 0.5 0.5 0.5 0.5 0.5 0.5 0.5 0.5 0.5 0.5 0.5 0.5 0.5 0.5 0.5 0.5 0.5 0.5 0.5 0.5 0.5 0.5 0.5 0.5 0.5 0.5 0.5 0.5 0.5 0.5 0.5 0.5 0.5 0.5 0.5 0.5 0.5 0.5 0.5 0.5 0.5 0.5 0.5 0.5 0.5 0.5 0.5 0.5 0.5 0.5 0.5 0.5 0.5 0.5 0.5 0.5 0.5 0.5 0.5 0.5 0.5 0.5 0.5 0.5 0.5 0.5 0.5 0.5 0.5 0.5 0.5 0.5 0.5 0.5 0.5 0.5 0.5 0.5 0.5 0.5 0.5 0.5 0.5 0.5 0.5 0.5 0.5 0.5 0.5 0.5 0.5 0.5 0.5 0.5 0.5 0.5 0.5 0.5 0.5 0.5 0.5 0.5 0.5 0.5 0.5 0.5 0.5 0.5 0.5 0.5 0.5 0.5 0.5 0.5 0.5 0.5 0.5 0.5 0.5 0.5 0.5 0.5 0.5 0.5 0.5 0.5 0.5 0.5 0.5 0.5 0.5 0.5 0.5 0.5 0.5 0.5 0.5 0.5 0.5 0.5 0.5 0.5 0.5 0.5 0.5 0.5 0.5 0.5 0.5 0.5 0.5 0.5 0.5 0.5 0.5 0.5 0.5 0.5 0.5 0.5 0.5 0.5 0.5 0.5 0.5 0.5 0.5 0.5 0.5 0.5 0.5 0.5 0.5 0.5 0.5 0.5 0.5 0.5 0.5 0.5 0.5 0.5 0.5 0.5 0.5 0.5 0.5 0.5 0.5 0.5 0.5 0.5 0.5 0.5 0.5 0.5 0.5 0.5 0.5 0.5 0.5 0.5 0.5 0.5 0.5 0.5 0.5 0.5 0.5 0.5 0.5 0.5 0.5 0.5 0.5 0.5 0.5 0.5 0.5 0.5 0.5 0.5 0.5 0.5 0.5 0.5 0.5 0.5 0.5 0.5 0.5 0.5 0.5 0.5 0.5 0.5 0.5 0.5 0.5 0.5 0.5 0.5 0.5 0.5 0.5 0.5 0.5 0.5 0.5 0.5 0.5 0.5 0.5 0.5 0.5 0.5 0.5 0.5 0.5 0.5 0.5 0.5 0.5 0.5 0.5 0.5 0.5 0.5 0.5 0.5 0.5 0.5 0.5 0.5 0.5 0.5 0.5 0.5 0.5 0.5 0.5 0.5 0.5 0.5 0.5 0.5 0.5 0.5 0.5 0.5 0.5 0.5 0.5 0.5 0.5 0.5 0.5 0.5 0.5 0.5 0.5 0.5 0.5 0.5 0.5 0.5 0.5 0.5 0.5 0.5 0.5 0.5 0.5 0.5 0.5 0.5 0.5 0.5 0.5 0.5 0.5 0.5 0.5 0.5 0.5 0.5 0.5 0.5 0.5 0.5 0.5 0.5 0.5 0.5 0.5 0.5 0.5 0.5 0.5 0.5 0.5 0.5 0.5 0.5 0.5 0.5 0.5 0.5 0.5 0.5 0.5 


