MOTS2 configuration:! 
	1.diversify 20
	2.intensify 10
	3.reduce 35
	4.SS 0.05
	5.SSRF 0.5
	6.save_step 175
	7.n_sample 2
	8.nVar 10
	9.nObj 2
	10.n_of_loops 0
	11.n_of_evaluations 5000
	12.n_of_consecutive_improvements 0
	13.assessment HV
	14.nRegions 4
	15.STM_size 6
	16.LogType full
	17.Starting point 1
	18.maximum_improvements 2000000
	19.maximum_duplicates 2000000


Design vector ranges:
	variable 0 ranges from 0 to 1
	variable 1 ranges from 0 to 1
	variable 2 ranges from 0 to 1
	variable 3 ranges from 0 to 1
	variable 4 ranges from 0 to 1
	variable 5 ranges from 0 to 1
	variable 6 ranges from 0 to 1
	variable 7 ranges from 0 to 1
	variable 8 ranges from 0 to 1
	variable 9 ranges from 0 to 1


Reference point:
	21 32 


Failed objectives:
	3334 4445 


Start step (related with SS, above):
	 Start step(s) (0.05)  is uniform for all variables
	0.05 0.05 0.05 0.05 0.05 0.05 0.05 0.05 0.05 0.05 


Datum design (related with Stating point, above):
	 Starting point is by user from file
	0.5 0.5 0.5 0.5 0.5 0.5 0.5 0.5 0.5 0.5 


